TN:
SF:/Users/st20712/Workspace/shelljs/commands.js
FNF:0
FNH:0
DA:1,41
LF:1
LH:1
BRF:0
BRH:0
end_of_record
TN:
SF:/Users/st20712/Workspace/shelljs/global.js
FN:4,(anonymous_0)
FNF:1
FNH:1
FNDA:225,(anonymous_0)
DA:2,7
DA:3,7
DA:4,7
DA:5,225
DA:8,7
DA:9,7
DA:11,7
DA:12,7
LF:8
LH:8
BRF:0
BRH:0
end_of_record
TN:
SF:/Users/st20712/Workspace/shelljs/plugin.js
FN:14,(anonymous_0)
FNF:1
FNH:1
FNDA:4,(anonymous_0)
DA:3,1
DA:5,1
DA:7,1
DA:14,1
DA:15,4
LF:5
LH:5
BRF:0
BRH:0
end_of_record
TN:
SF:/Users/st20712/Workspace/shelljs/shell.js
FN:24,(anonymous_0)
FNF:1
FNH:1
FNDA:1107,(anonymous_0)
DA:9,41
DA:24,41
DA:25,1107
DA:32,41
DA:35,41
DA:38,41
DA:45,41
DA:66,41
LF:8
LH:8
BRF:0
BRH:0
end_of_record
TN:
SF:/Users/st20712/Workspace/shelljs/src/cat.js
FN:30,_cat
FN:37,(anonymous_1)
FN:55,addNumbers
FN:59,(anonymous_3)
FN:71,numberedLine
FNF:5
FNH:5
FNDA:107,_cat
FNDA:111,(anonymous_1)
FNDA:5,addNumbers
FNDA:17,(anonymous_3)
FNDA:18,numberedLine
DA:1,41
DA:2,41
DA:4,41
DA:31,107
DA:33,107
DA:35,106
DA:37,106
DA:38,111
DA:39,1
DA:40,110
DA:41,1
DA:44,109
DA:47,104
DA:48,5
DA:51,104
DA:53,41
DA:56,5
DA:57,5
DA:59,5
DA:60,17
DA:63,5
DA:64,1
DA:66,5
DA:68,5
DA:74,18
DA:75,18
LF:26
LH:26
BRDA:33,0,0,1
BRDA:33,0,1,106
BRDA:33,1,0,107
BRDA:33,1,1,4
BRDA:38,2,0,1
BRDA:38,2,1,110
BRDA:40,3,0,1
BRDA:40,3,1,109
BRDA:47,4,0,5
BRDA:47,4,1,99
BRDA:63,5,0,1
BRDA:63,5,1,4
BRF:12
BRH:12
end_of_record
TN:
SF:/Users/st20712/Workspace/shelljs/src/cd.js
FN:11,_cd
FNF:1
FNH:1
FNDA:192,_cd
DA:1,41
DA:2,41
DA:4,41
DA:12,192
DA:14,192
DA:15,2
DA:16,1
DA:18,1
DA:22,191
DA:23,191
DA:24,191
DA:25,184
DA:29,7
DA:30,7
DA:31,1
DA:33,6
DA:35,7
DA:37,184
DA:39,41
LF:19
LH:19
BRDA:12,0,0,1
BRDA:12,0,1,191
BRDA:14,1,0,2
BRDA:14,1,1,190
BRDA:15,2,0,1
BRDA:15,2,1,1
BRDA:35,3,0,7
BRDA:35,3,1,0
BRF:8
BRH:7
end_of_record
TN:
SF:/Users/st20712/Workspace/shelljs/src/chmod.js
FN:5,(anonymous_0)
FN:62,_chmod
FN:87,addFile
FN:94,(anonymous_3)
FN:104,innerChmod
FN:124,(anonymous_5)
FNF:6
FNH:6
FNDA:41,(anonymous_0)
FNDA:55,_chmod
FNDA:20,addFile
FNDA:15,(anonymous_3)
FNDA:67,innerChmod
FNDA:47,(anonymous_5)
DA:1,41
DA:2,41
DA:3,41
DA:5,41
DA:6,41
DA:32,41
DA:63,55
DA:64,3
DA:68,2
DA:70,1
DA:74,54
DA:80,54
DA:85,54
DA:86,5
DA:87,5
DA:88,20
DA:90,20
DA:91,18
DA:93,18
DA:94,12
DA:95,15
DA:101,49
DA:104,54
DA:105,67
DA:106,67
DA:107,0
DA:111,67
DA:112,0
DA:115,67
DA:116,67
DA:117,67
DA:118,67
DA:120,67
DA:122,67
DA:124,38
DA:125,47
DA:126,47
DA:128,47
DA:129,46
DA:130,46
DA:131,46
DA:133,46
DA:134,46
DA:135,46
DA:137,46
DA:138,46
DA:139,46
DA:140,46
DA:141,46
DA:142,46
DA:144,46
DA:145,2
DA:148,46
DA:149,46
DA:150,39
DA:152,46
DA:153,24
DA:155,46
DA:156,21
DA:160,46
DA:161,2
DA:164,46
DA:166,30
DA:167,30
DA:170,16
DA:171,16
DA:174,0
DA:178,0
DA:179,0
DA:181,0
DA:183,0
DA:186,46
DA:187,0
DA:190,46
DA:191,44
DA:192,0
DA:194,44
DA:195,44
DA:198,1
DA:203,29
DA:207,29
DA:208,7
DA:211,29
DA:214,53
DA:216,41
LF:85
LH:76
BRDA:63,0,0,3
BRDA:63,0,1,52
BRDA:64,1,0,2
BRDA:64,1,1,1
BRDA:64,2,0,3
BRDA:64,2,1,2
BRDA:85,3,0,5
BRDA:85,3,1,49
BRDA:90,4,0,18
BRDA:90,4,1,2
BRDA:93,5,0,12
BRDA:93,5,1,6
BRDA:106,6,0,0
BRDA:106,6,1,67
BRDA:111,7,0,0
BRDA:111,7,1,67
BRDA:111,8,0,67
BRDA:111,8,1,18
BRDA:122,9,0,38
BRDA:122,9,1,29
BRDA:128,10,0,46
BRDA:128,10,1,1
BRDA:133,11,0,46
BRDA:133,11,1,26
BRDA:133,11,2,11
BRDA:134,12,0,46
BRDA:134,12,1,41
BRDA:134,12,2,26
BRDA:135,13,0,46
BRDA:135,13,1,44
BRDA:135,13,2,29
BRDA:144,14,0,2
BRDA:144,14,1,44
BRDA:144,15,0,46
BRDA:144,15,1,4
BRDA:149,16,0,39
BRDA:149,16,1,7
BRDA:150,17,0,14
BRDA:150,17,1,25
BRDA:150,18,0,25
BRDA:150,18,1,14
BRDA:150,19,0,12
BRDA:150,19,1,27
BRDA:150,20,0,4
BRDA:150,20,1,35
BRDA:152,21,0,24
BRDA:152,21,1,22
BRDA:153,22,0,7
BRDA:153,22,1,17
BRDA:153,23,0,15
BRDA:153,23,1,9
BRDA:153,24,0,10
BRDA:153,24,1,14
BRDA:153,25,0,2
BRDA:153,25,1,22
BRDA:155,26,0,21
BRDA:155,26,1,25
BRDA:156,27,0,6
BRDA:156,27,1,15
BRDA:156,28,0,12
BRDA:156,28,1,9
BRDA:156,29,0,11
BRDA:156,29,1,10
BRDA:160,30,0,2
BRDA:160,30,1,44
BRDA:164,31,0,30
BRDA:164,31,1,16
BRDA:164,31,2,0
BRDA:164,31,3,0
BRDA:178,32,0,0
BRDA:178,32,1,0
BRDA:186,33,0,0
BRDA:186,33,1,46
BRDA:190,34,0,44
BRDA:190,34,1,2
BRDA:191,35,0,0
BRDA:191,35,1,44
BRDA:191,36,0,44
BRDA:191,36,1,44
BRDA:207,37,0,7
BRDA:207,37,1,22
BRF:81
BRH:73
end_of_record
TN:
SF:/Users/st20712/Workspace/shelljs/src/common.js
FN:30,(anonymous_0)
FN:36,(anonymous_1)
FN:56,isObject
FN:61,log
FN:72,convertErrorOutput
FN:81,error
FN:133,ShellString
FN:147,(anonymous_7)
FN:161,parseOptions
FN:178,(anonymous_9)
FN:195,(anonymous_10)
FN:208,(anonymous_11)
FN:227,expand
FN:232,(anonymous_13)
FN:256,(anonymous_14)
FN:259,(anonymous_15)
FN:266,unlinkSync
FN:284,statFollowLinks
FN:289,statNoFollowLinks
FN:295,randomFileName
FN:296,randomHash
FN:313,wrap
FN:315,(anonymous_22)
FN:347,(anonymous_23)
FN:356,(anonymous_24)
FN:365,(anonymous_25)
FN:417,_readFromPipe
FN:436,_register
FN:440,(anonymous_28)
FNF:29
FNH:28
FNDA:376,(anonymous_0)
FNDA:334,(anonymous_1)
FNDA:8134,isObject
FNDA:248,log
FNDA:155,convertErrorOutput
FNDA:149,error
FNDA:1378,ShellString
FNDA:13790,(anonymous_7)
FNDA:1499,parseOptions
FNDA:4539,(anonymous_9)
FNDA:1049,(anonymous_10)
FNDA:15,(anonymous_11)
FNDA:1473,expand
FNDA:1741,(anonymous_13)
FNDA:8312,(anonymous_14)
FNDA:0,(anonymous_15)
FNDA:9223,unlinkSync
FNDA:14336,statFollowLinks
FNDA:38023,statNoFollowLinks
FNDA:92,randomFileName
FNDA:1932,randomHash
FNDA:1204,wrap
FNDA:1572,(anonymous_22)
FNDA:3372,(anonymous_23)
FNDA:3387,(anonymous_24)
FNDA:3387,(anonymous_25)
FNDA:236,_readFromPipe
FNDA:1193,_register
FNDA:1850,(anonymous_28)
DA:5,41
DA:6,41
DA:7,41
DA:8,41
DA:10,41
DA:12,41
DA:15,41
DA:18,41
DA:29,41
DA:31,376
DA:32,376
DA:33,376
DA:37,334
DA:38,334
DA:42,41
DA:43,41
DA:45,41
DA:51,41
DA:53,41
DA:57,8134
DA:59,41
DA:67,41
DA:73,155
DA:74,3
DA:76,152
DA:78,41
DA:83,149
DA:85,149
DA:92,149
DA:93,17
DA:94,132
DA:95,63
DA:96,69
DA:97,3
DA:98,66
DA:99,66
DA:101,149
DA:103,149
DA:105,149
DA:106,149
DA:107,149
DA:110,149
DA:111,148
DA:113,148
DA:114,80
DA:120,41
DA:135,1378
DA:136,65
DA:137,65
DA:138,65
DA:140,1313
DA:141,1313
DA:143,1378
DA:144,1378
DA:147,1378
DA:148,13790
DA:150,1378
DA:153,41
DA:163,1499
DA:164,3
DA:165,1496
DA:166,1
DA:167,1495
DA:168,1
DA:171,1494
DA:173,2
DA:177,1492
DA:178,1492
DA:179,4539
DA:180,4539
DA:181,4313
DA:185,1492
DA:187,736
DA:188,721
DA:189,5
DA:193,716
DA:195,716
DA:196,1049
DA:197,1041
DA:198,1041
DA:199,17
DA:201,1024
DA:204,8
DA:208,15
DA:210,15
DA:211,15
DA:212,13
DA:213,13
DA:215,2
DA:219,721
DA:221,41
DA:228,1473
DA:229,2
DA:231,1471
DA:232,1471
DA:234,1741
DA:235,6
DA:238,1735
DA:239,1735
DA:241,1733
DA:244,2
DA:246,1735
DA:249,1471
DA:251,41
DA:255,41
DA:257,8312
DA:260,0
DA:262,41
DA:267,9223
DA:268,9223
DA:280,41
DA:285,14336
DA:287,41
DA:290,38023
DA:292,41
DA:297,1932
DA:298,1840
DA:300,92
DA:301,92
DA:302,1840
DA:304,92
DA:307,92
DA:309,41
DA:314,1204
DA:315,1204
DA:316,1572
DA:318,1572
DA:319,1572
DA:320,1572
DA:322,1572
DA:323,1572
DA:326,1572
DA:327,0
DA:332,1572
DA:334,1572
DA:335,38
DA:337,1534
DA:339,1522
DA:340,801
DA:347,1534
DA:348,3372
DA:349,14
DA:351,3358
DA:352,3358
DA:356,1534
DA:357,3387
DA:358,0
DA:360,3387
DA:364,1534
DA:365,1534
DA:366,3387
DA:367,2
DA:369,3385
DA:374,1534
DA:375,1461
DA:378,1534
DA:380,1534
DA:381,1163
DA:384,1529
DA:387,73
DA:388,73
DA:401,3
DA:404,1571
DA:406,1048
DA:409,1571
DA:410,1571
DA:413,41
DA:418,236
DA:420,41
DA:422,41
DA:433,41
DA:437,1193
DA:440,1193
DA:441,1850
DA:442,1
DA:444,1849
DA:445,1
DA:451,1191
DA:453,1191
DA:454,1
DA:457,1190
DA:458,82
DA:459,82
DA:461,1108
DA:464,1190
DA:465,411
DA:468,41
LF:187
LH:184
BRDA:32,0,0,376
BRDA:32,0,1,0
BRDA:57,1,0,8134
BRDA:57,1,1,3215
BRDA:73,2,0,3
BRDA:73,2,1,152
BRDA:83,3,0,0
BRDA:83,3,1,149
BRDA:92,4,0,17
BRDA:92,4,1,132
BRDA:92,5,0,149
BRDA:92,5,1,20
BRDA:94,6,0,63
BRDA:94,6,1,69
BRDA:96,7,0,3
BRDA:96,7,1,66
BRDA:98,8,0,66
BRDA:98,8,1,0
BRDA:103,9,0,139
BRDA:103,9,1,10
BRDA:106,10,0,10
BRDA:106,10,1,139
BRDA:110,11,0,1
BRDA:110,11,1,148
BRDA:111,12,0,142
BRDA:111,12,1,6
BRDA:111,13,0,148
BRDA:111,13,1,144
BRDA:113,14,0,80
BRDA:113,14,1,68
BRDA:135,15,0,65
BRDA:135,15,1,1313
BRDA:138,16,0,60
BRDA:138,16,1,5
BRDA:163,17,0,3
BRDA:163,17,1,1496
BRDA:163,18,0,1499
BRDA:163,18,1,18
BRDA:165,19,0,1
BRDA:165,19,1,1495
BRDA:167,20,0,1
BRDA:167,20,1,1494
BRDA:167,21,0,1495
BRDA:167,21,1,13
BRDA:171,22,0,2
BRDA:171,22,1,1492
BRDA:180,23,0,4313
BRDA:180,23,1,226
BRDA:185,24,0,756
BRDA:185,24,1,736
BRDA:187,25,0,721
BRDA:187,25,1,15
BRDA:188,26,0,5
BRDA:188,26,1,716
BRDA:196,27,0,1041
BRDA:196,27,1,8
BRDA:198,28,0,17
BRDA:198,28,1,1024
BRDA:204,29,0,8
BRDA:204,29,1,6
BRDA:211,30,0,13
BRDA:211,30,1,2
BRDA:215,31,0,2
BRDA:215,31,1,2
BRDA:228,32,0,2
BRDA:228,32,1,1471
BRDA:234,33,0,6
BRDA:234,33,1,1735
BRDA:241,34,0,1161
BRDA:241,34,1,572
BRDA:255,35,0,41
BRDA:255,35,1,0
BRDA:257,36,0,8312
BRDA:257,36,1,8311
BRDA:260,37,0,0
BRDA:260,37,1,0
BRDA:297,38,0,1840
BRDA:297,38,1,92
BRDA:314,39,0,1204
BRDA:314,39,1,14
BRDA:326,40,0,0
BRDA:326,40,1,1572
BRDA:332,41,0,55
BRDA:332,41,1,1517
BRDA:332,42,0,1572
BRDA:332,42,1,1552
BRDA:334,43,0,38
BRDA:334,43,1,1534
BRDA:337,44,0,12
BRDA:337,44,1,1522
BRDA:337,45,0,1534
BRDA:337,45,1,43
BRDA:339,46,0,801
BRDA:339,46,1,721
BRDA:339,47,0,1522
BRDA:339,47,1,1479
BRDA:339,47,2,1446
BRDA:339,47,3,1401
BRDA:348,48,0,14
BRDA:348,48,1,3358
BRDA:357,49,0,0
BRDA:357,49,1,3387
BRDA:357,50,0,3387
BRDA:357,50,1,35
BRDA:366,51,0,2
BRDA:366,51,1,3385
BRDA:366,52,0,3387
BRDA:366,52,1,3344
BRDA:366,52,2,3387
BRDA:374,53,0,1461
BRDA:374,53,1,73
BRDA:374,54,0,1534
BRDA:374,54,1,1532
BRDA:380,55,0,1163
BRDA:380,55,1,371
BRDA:387,56,0,73
BRDA:401,57,0,1
BRDA:401,57,1,2
BRDA:404,58,0,1048
BRDA:404,58,1,523
BRDA:404,59,0,1571
BRDA:404,59,1,1098
BRDA:404,59,2,115
BRDA:437,60,0,1193
BRDA:437,60,1,1
BRDA:441,61,0,1
BRDA:441,61,1,1849
BRDA:444,62,0,1
BRDA:444,62,1,1848
BRDA:453,63,0,1
BRDA:453,63,1,1190
BRDA:457,64,0,82
BRDA:457,64,1,1108
BRDA:464,65,0,411
BRDA:464,65,1,779
BRF:135
BRH:127
end_of_record
TN:
SF:/Users/st20712/Workspace/shelljs/src/cp.js
FN:21,copyFileSync
FN:90,cpdirSyncRecursive
FN:157,checkRecentCreated
FN:159,(anonymous_3)
FN:164,cpcheckcycle
FN:209,_cp
FN:239,(anonymous_6)
FNF:7
FNH:7
FNDA:8301,copyFileSync
FNDA:5099,cpdirSyncRecursive
FNDA:25,checkRecentCreated
FNDA:9,(anonymous_3)
FNDA:12,cpcheckcycle
FNDA:192,_cp
FNDA:225,(anonymous_6)
DA:1,41
DA:2,41
DA:3,41
DA:5,41
DA:22,8301
DA:23,0
DA:26,8301
DA:29,8301
DA:30,8301
DA:31,3
DA:37,8298
DA:38,4
DA:39,4
DA:40,1
DA:45,4
DA:46,4
DA:48,8294
DA:49,8294
DA:50,8294
DA:51,8294
DA:52,8294
DA:53,8294
DA:55,8294
DA:56,8294
DA:62,8294
DA:63,8294
DA:69,8294
DA:70,8294
DA:71,8294
DA:72,8294
DA:75,8294
DA:76,8294
DA:78,8294
DA:91,5099
DA:94,5099
DA:95,5097
DA:97,5097
DA:101,5097
DA:102,5097
DA:103,5097
DA:106,39
DA:109,5097
DA:111,5097
DA:112,13984
DA:113,13984
DA:114,13984
DA:117,13984
DA:118,12
DA:120,0
DA:121,0
DA:122,0
DA:123,0
DA:126,13984
DA:128,4960
DA:129,9024
DA:130,791
DA:131,791
DA:132,791
DA:133,2
DA:137,791
DA:138,8233
DA:139,6
DA:140,6
DA:141,0
DA:143,6
DA:147,8227
DA:148,1
DA:150,8226
DA:158,25
DA:159,25
DA:160,9
DA:165,12
DA:166,12
DA:173,6
DA:174,6
DA:175,0
DA:176,0
DA:177,0
DA:178,0
DA:179,0
DA:183,12
DA:211,192
DA:212,9
DA:214,192
DA:215,50
DA:219,192
DA:220,3
DA:222,189
DA:223,189
DA:226,189
DA:227,189
DA:230,189
DA:231,2
DA:235,187
DA:236,1
DA:239,186
DA:240,225
DA:241,4
DA:242,4
DA:243,4
DA:245,221
DA:246,221
DA:247,144
DA:249,4
DA:253,140
DA:257,140
DA:258,140
DA:259,139
DA:270,77
DA:271,77
DA:272,61
DA:275,77
DA:276,77
DA:278,3
DA:279,2
DA:281,3
DA:284,74
DA:285,1
DA:288,73
DA:290,4
DA:291,4
DA:294,69
DA:298,185
DA:300,41
LF:124
LH:113
BRDA:22,0,0,0
BRDA:22,0,1,8301
BRDA:30,1,0,3
BRDA:30,1,1,8297
BRDA:30,2,0,8301
BRDA:30,2,1,6
BRDA:37,3,0,4
BRDA:37,3,1,8294
BRDA:37,4,0,8298
BRDA:37,4,1,18
BRDA:46,5,0,0
BRDA:46,5,1,4
BRDA:91,6,0,0
BRDA:91,6,1,5099
BRDA:94,7,0,2
BRDA:94,7,1,5097
BRDA:106,8,0,0
BRDA:106,8,1,39
BRDA:117,9,0,12
BRDA:117,9,1,13972
BRDA:118,10,0,0
BRDA:118,10,1,12
BRDA:122,11,0,0
BRDA:122,11,1,0
BRDA:126,12,0,4960
BRDA:126,12,1,9024
BRDA:129,13,0,791
BRDA:129,13,1,8233
BRDA:129,14,0,9024
BRDA:129,14,1,797
BRDA:137,15,0,0
BRDA:137,15,1,791
BRDA:138,16,0,6
BRDA:138,16,1,8227
BRDA:138,17,0,8233
BRDA:138,17,1,6
BRDA:140,18,0,0
BRDA:140,18,1,6
BRDA:147,19,0,1
BRDA:147,19,1,8226
BRDA:147,20,0,8227
BRDA:147,20,1,9
BRDA:166,21,0,6
BRDA:166,21,1,6
BRDA:174,22,0,0
BRDA:174,22,1,6
BRDA:178,23,0,0
BRDA:178,23,1,0
BRDA:211,24,0,9
BRDA:211,24,1,183
BRDA:214,25,0,50
BRDA:214,25,1,142
BRDA:214,26,0,192
BRDA:214,26,1,51
BRDA:219,27,0,3
BRDA:219,27,1,189
BRDA:227,28,0,189
BRDA:227,28,1,59
BRDA:230,29,0,2
BRDA:230,29,1,187
BRDA:230,30,0,189
BRDA:230,30,1,59
BRDA:230,30,2,139
BRDA:235,31,0,1
BRDA:235,31,1,186
BRDA:235,32,0,187
BRDA:235,32,1,58
BRDA:235,32,2,8
BRDA:240,33,0,4
BRDA:240,33,1,221
BRDA:241,34,0,1
BRDA:241,34,1,3
BRDA:246,35,0,144
BRDA:246,35,1,77
BRDA:246,36,0,221
BRDA:246,36,1,219
BRDA:247,37,0,4
BRDA:247,37,1,140
BRDA:253,38,0,21
BRDA:253,38,1,119
BRDA:253,39,0,140
BRDA:253,39,1,21
BRDA:271,40,0,61
BRDA:271,40,1,16
BRDA:271,41,0,77
BRDA:271,41,1,68
BRDA:276,42,0,3
BRDA:276,42,1,74
BRDA:276,43,0,77
BRDA:276,43,1,25
BRDA:278,44,0,2
BRDA:278,44,1,1
BRDA:284,45,0,1
BRDA:284,45,1,73
BRDA:284,46,0,74
BRDA:284,46,1,22
BRDA:288,47,0,4
BRDA:288,47,1,69
BRF:98
BRH:86
end_of_record
TN:
SF:/Users/st20712/Workspace/shelljs/src/dirs.js
FN:18,_isStackIndex
FN:22,_parseStackIndex
FN:33,_actualDirStack
FN:60,_pushd
FN:129,_popd
FN:175,_dirs
FNF:6
FNH:6
FNDA:368,_isStackIndex
FNDA:26,_parseStackIndex
FNDA:201,_actualDirStack
FNDA:95,_pushd
FNDA:13,_popd
FNDA:144,_dirs
DA:1,41
DA:2,41
DA:3,41
DA:5,41
DA:8,41
DA:11,41
DA:16,41
DA:19,368
DA:23,26
DA:24,26
DA:25,26
DA:27,0
DA:29,0
DA:34,201
DA:61,95
DA:62,5
DA:63,5
DA:66,95
DA:71,95
DA:73,95
DA:74,1
DA:75,94
DA:76,4
DA:77,3
DA:79,1
DA:81,90
DA:82,9
DA:83,9
DA:85,81
DA:86,4
DA:88,77
DA:92,93
DA:93,4
DA:95,89
DA:96,89
DA:99,88
DA:100,88
DA:102,41
DA:130,13
DA:131,2
DA:132,2
DA:135,13
DA:140,13
DA:141,2
DA:144,11
DA:146,11
DA:147,3
DA:148,3
DA:150,8
DA:151,8
DA:154,11
DA:156,41
DA:176,144
DA:177,3
DA:178,3
DA:181,144
DA:186,144
DA:187,38
DA:188,38
DA:191,106
DA:193,106
DA:194,6
DA:196,6
DA:197,3
DA:200,6
DA:201,6
DA:203,6
DA:206,100
DA:207,98
DA:210,100
DA:212,41
LF:71
LH:69
BRDA:23,0,0,26
BRDA:23,0,1,0
BRDA:24,1,0,26
BRDA:24,1,1,0
BRDA:25,2,0,10
BRDA:25,2,1,16
BRDA:61,3,0,5
BRDA:61,3,1,90
BRDA:73,4,0,1
BRDA:73,4,1,94
BRDA:75,5,0,4
BRDA:75,5,1,90
BRDA:76,6,0,3
BRDA:76,6,1,1
BRDA:81,7,0,9
BRDA:81,7,1,81
BRDA:85,8,0,4
BRDA:85,8,1,77
BRDA:92,9,0,4
BRDA:92,9,1,89
BRDA:100,10,0,1
BRDA:100,10,1,87
BRDA:130,11,0,2
BRDA:130,11,1,11
BRDA:140,12,0,2
BRDA:140,12,1,11
BRDA:144,13,0,11
BRDA:144,13,1,7
BRDA:146,14,0,3
BRDA:146,14,1,8
BRDA:146,15,0,11
BRDA:146,15,1,10
BRDA:146,15,2,9
BRDA:147,16,0,1
BRDA:147,16,1,2
BRDA:154,17,0,1
BRDA:154,17,1,10
BRDA:176,18,0,3
BRDA:176,18,1,141
BRDA:186,19,0,38
BRDA:186,19,1,106
BRDA:193,20,0,6
BRDA:193,20,1,100
BRDA:196,21,0,3
BRDA:196,21,1,3
BRDA:200,22,0,6
BRDA:200,22,1,0
BRDA:206,23,0,98
BRDA:206,23,1,2
BRF:49
BRH:46
end_of_record
TN:
SF:/Users/st20712/Workspace/shelljs/src/echo.js
FN:27,_echo
FNF:1
FNH:1
FNDA:13,_echo
DA:1,41
DA:3,41
DA:5,41
DA:29,13
DA:30,13
DA:34,13
DA:35,13
DA:43,7
DA:44,7
DA:48,6
DA:51,13
DA:54,13
DA:55,7
DA:58,13
DA:60,13
DA:63,41
LF:16
LH:16
BRDA:29,0,0,9
BRDA:29,0,1,4
BRDA:43,1,0,7
BRDA:43,1,1,0
BRDA:54,2,0,7
BRDA:54,2,1,6
BRF:6
BRH:5
end_of_record
TN:
SF:/Users/st20712/Workspace/shelljs/src/error.js
FN:12,error
FNF:1
FNH:1
FNDA:422,error
DA:1,41
DA:13,422
DA:15,41
LF:3
LH:3
BRF:0
BRH:0
end_of_record
TN:
SF:/Users/st20712/Workspace/shelljs/src/exec-child.js
FN:19,(anonymous_0)
FNF:1
FNH:1
FNDA:28,(anonymous_0)
DA:1,30
DA:2,1
DA:5,29
DA:6,29
DA:8,29
DA:10,29
DA:11,29
DA:13,29
DA:14,29
DA:15,29
DA:16,29
DA:17,29
DA:19,29
DA:20,28
DA:21,21
DA:22,7
DA:23,1
DA:25,6
DA:29,29
DA:30,29
DA:32,29
DA:33,29
DA:34,29
DA:35,29
DA:37,29
DA:38,1
LF:26
LH:26
BRDA:1,0,0,1
BRDA:1,0,1,29
BRDA:20,1,0,21
BRDA:20,1,1,7
BRDA:22,2,0,1
BRDA:22,2,1,6
BRDA:37,3,0,1
BRDA:37,3,1,28
BRF:8
BRH:8
end_of_record
TN:
SF:/Users/st20712/Workspace/shelljs/src/exec.js
FN:19,execSync
FN:106,execAsync
FN:115,(anonymous_2)
FN:177,_exec
FNF:4
FNH:4
FNDA:30,execSync
FNDA:7,execAsync
FNDA:7,(anonymous_2)
FNDA:38,_exec
DA:1,41
DA:2,41
DA:3,41
DA:4,41
DA:5,41
DA:6,41
DA:8,41
DA:9,41
DA:11,41
DA:20,30
DA:21,1
DA:24,29
DA:25,29
DA:26,29
DA:27,29
DA:29,29
DA:37,29
DA:38,29
DA:39,29
DA:41,29
DA:43,29
DA:51,29
DA:53,29
DA:59,29
DA:60,29
DA:65,29
DA:68,29
DA:71,29
DA:73,29
DA:76,8
DA:83,29
DA:84,29
DA:85,29
DA:86,1
DA:87,1
DA:89,28
DA:90,28
DA:94,29
DA:95,29
DA:96,29
DA:98,29
DA:99,8
DA:101,28
DA:102,28
DA:107,7
DA:115,7
DA:116,7
DA:117,6
DA:118,5
DA:119,1
DA:124,1
DA:129,7
DA:131,7
DA:132,0
DA:133,0
DA:136,7
DA:178,38
DA:179,38
DA:181,37
DA:184,37
DA:185,2
DA:186,2
DA:190,37
DA:191,6
DA:194,37
DA:199,37
DA:200,7
DA:202,30
DA:205,41
LF:69
LH:67
BRDA:20,0,0,1
BRDA:20,0,1,29
BRDA:37,1,0,0
BRDA:37,1,1,29
BRDA:38,2,0,0
BRDA:38,2,1,29
BRDA:39,3,0,0
BRDA:39,3,1,29
BRDA:59,4,0,29
BRDA:76,5,0,8
BRDA:76,5,1,1
BRDA:85,6,0,1
BRDA:85,6,1,28
BRDA:98,7,0,8
BRDA:98,7,1,21
BRDA:116,8,0,6
BRDA:116,8,1,1
BRDA:117,9,0,5
BRDA:117,9,1,1
BRDA:119,10,0,0
BRDA:119,10,1,1
BRDA:129,11,0,1
BRDA:129,11,1,6
BRDA:131,12,0,0
BRDA:131,12,1,7
BRDA:178,13,0,38
BRDA:178,13,1,21
BRDA:179,14,0,1
BRDA:179,14,1,37
BRDA:184,15,0,2
BRDA:184,15,1,35
BRDA:190,16,0,6
BRDA:190,16,1,31
BRDA:190,17,0,37
BRDA:190,17,1,37
BRDA:199,18,0,7
BRDA:199,18,1,30
BRF:37
BRH:32
end_of_record
TN:
SF:/Users/st20712/Workspace/shelljs/src/find.js
FN:23,_find
FN:32,pushFile
FN:42,(anonymous_2)
FN:53,(anonymous_3)
FNF:4
FNH:4
FNDA:6,_find
FNDA:34,pushFile
FNDA:7,(anonymous_2)
FNDA:28,(anonymous_3)
DA:1,41
DA:2,41
DA:3,41
DA:5,41
DA:24,6
DA:25,1
DA:26,5
DA:27,5
DA:30,5
DA:33,34
DA:34,0
DA:36,34
DA:42,5
DA:44,7
DA:45,7
DA:47,1
DA:50,6
DA:52,6
DA:53,6
DA:54,28
DA:59,4
DA:61,41
LF:22
LH:21
BRDA:24,0,0,1
BRDA:24,0,1,5
BRDA:26,1,0,5
BRDA:26,1,1,0
BRDA:33,2,0,0
BRDA:33,2,1,34
BRDA:52,3,0,6
BRDA:52,3,1,0
BRF:8
BRH:5
end_of_record
TN:
SF:/Users/st20712/Workspace/shelljs/src/grep.js
FN:31,_grep
FN:44,(anonymous_1)
FN:57,(anonymous_2)
FNF:3
FNH:3
FNDA:21,_grep
FNDA:29,(anonymous_1)
FNDA:147,(anonymous_2)
DA:1,41
DA:2,41
DA:4,41
DA:33,21
DA:35,21
DA:37,19
DA:39,19
DA:40,3
DA:43,19
DA:44,19
DA:45,29
DA:46,2
DA:47,2
DA:50,27
DA:51,27
DA:52,3
DA:53,2
DA:56,24
DA:57,24
DA:58,147
DA:59,147
DA:60,43
DA:66,19
DA:68,41
LF:24
LH:24
BRDA:35,0,0,2
BRDA:35,0,1,19
BRDA:35,1,0,21
BRDA:35,1,1,5
BRDA:39,2,0,3
BRDA:39,2,1,16
BRDA:45,3,0,2
BRDA:45,3,1,27
BRDA:45,4,0,29
BRDA:45,4,1,5
BRDA:50,5,0,3
BRDA:50,5,1,24
BRDA:51,6,0,3
BRDA:51,6,1,24
BRDA:52,7,0,2
BRDA:52,7,1,1
BRDA:59,8,0,43
BRDA:59,8,1,104
BRDA:59,9,0,147
BRDA:59,9,1,12
BRDA:59,9,2,139
BRDA:59,9,3,135
BRF:22
BRH:22
end_of_record
TN:
SF:/Users/st20712/Workspace/shelljs/src/head.js
FN:12,readSomeLines
FN:50,_head
FN:70,(anonymous_2)
FNF:3
FNH:3
FNDA:15,readSomeLines
FNDA:13,_head
FNDA:19,(anonymous_2)
DA:1,41
DA:2,41
DA:4,41
DA:13,15
DA:14,15
DA:15,15
DA:16,15
DA:18,15
DA:19,15
DA:20,15
DA:21,15
DA:22,15
DA:23,15
DA:24,15
DA:25,15
DA:26,15
DA:29,15
DA:30,15
DA:51,13
DA:52,13
DA:54,13
DA:56,12
DA:57,12
DA:58,2
DA:59,2
DA:60,10
DA:61,9
DA:63,12
DA:65,12
DA:66,1
DA:69,12
DA:70,12
DA:71,19
DA:72,18
DA:73,1
DA:74,1
DA:75,17
DA:76,1
DA:79,1
DA:84,17
DA:85,1
DA:86,16
DA:87,1
DA:89,15
DA:92,17
DA:93,17
DA:94,17
DA:95,15
DA:97,17
DA:99,17
DA:102,12
DA:103,9
DA:105,12
DA:107,41
LF:54
LH:54
BRDA:21,0,0,30
BRDA:21,0,1,15
BRDA:54,1,0,1
BRDA:54,1,1,12
BRDA:54,2,0,13
BRDA:54,2,1,2
BRDA:57,3,0,2
BRDA:57,3,1,10
BRDA:60,4,0,9
BRDA:60,4,1,1
BRDA:65,5,0,1
BRDA:65,5,1,11
BRDA:71,6,0,18
BRDA:71,6,1,1
BRDA:72,7,0,1
BRDA:72,7,1,17
BRDA:75,8,0,1
BRDA:75,8,1,16
BRDA:84,9,0,1
BRDA:84,9,1,16
BRDA:86,10,0,1
BRDA:86,10,1,15
BRDA:94,11,0,15
BRDA:94,11,1,2
BRDA:97,12,0,17
BRDA:97,12,1,2
BRDA:102,13,0,9
BRDA:102,13,1,3
BRF:28
BRH:28
end_of_record
TN:
SF:/Users/st20712/Workspace/shelljs/src/ln.js
FN:28,_ln
FNF:1
FNH:1
FNDA:28,_ln
DA:1,41
DA:2,41
DA:3,41
DA:5,41
DA:29,28
DA:30,3
DA:33,25
DA:34,25
DA:35,25
DA:36,25
DA:38,25
DA:39,4
DA:40,1
DA:43,4
DA:46,25
DA:47,19
DA:48,19
DA:49,19
DA:50,19
DA:51,4
DA:52,15
DA:53,0
DA:56,19
DA:57,19
DA:59,1
DA:62,6
DA:63,2
DA:65,6
DA:66,6
DA:68,2
DA:71,22
DA:73,41
LF:32
LH:31
BRDA:29,0,0,3
BRDA:29,0,1,25
BRDA:29,1,0,28
BRDA:29,1,1,26
BRDA:38,2,0,4
BRDA:38,2,1,21
BRDA:39,3,0,1
BRDA:39,3,1,3
BRDA:46,4,0,19
BRDA:46,4,1,6
BRDA:48,5,0,0
BRDA:48,5,1,19
BRDA:49,6,0,0
BRDA:49,6,1,19
BRDA:50,7,0,4
BRDA:50,7,1,15
BRDA:52,8,0,0
BRDA:52,8,1,15
BRDA:52,9,0,15
BRDA:52,9,1,0
BRDA:57,10,0,0
BRDA:57,10,1,19
BRDA:62,11,0,2
BRDA:62,11,1,4
BRF:24
BRH:19
end_of_record
TN:
SF:/Users/st20712/Workspace/shelljs/src/ls.js
FN:45,_ls
FN:62,pushFile
FN:75,(anonymous_2)
FN:99,(anonymous_3)
FN:107,(anonymous_4)
FN:112,(anonymous_5)
FN:127,addLsAttributes
FN:130,(anonymous_7)
FNF:8
FNH:8
FNDA:64,_ls
FNDA:431,pushFile
FNDA:104,(anonymous_2)
FNDA:172,(anonymous_3)
FNDA:16,(anonymous_4)
FNDA:246,(anonymous_5)
FNDA:17,addLsAttributes
FNDA:21,(anonymous_7)
DA:1,41
DA:2,41
DA:3,41
DA:4,41
DA:6,41
DA:8,41
DA:46,64
DA:50,1
DA:51,1
DA:54,64
DA:55,5
DA:57,59
DA:60,64
DA:63,431
DA:64,0
DA:66,431
DA:67,17
DA:68,17
DA:71,414
DA:75,64
DA:78,104
DA:79,104
DA:81,99
DA:82,2
DA:83,2
DA:84,1
DA:85,1
DA:90,5
DA:91,5
DA:95,99
DA:96,43
DA:98,19
DA:101,172
DA:102,153
DA:105,24
DA:107,2
DA:108,16
DA:112,22
DA:113,246
DA:114,206
DA:119,56
DA:124,64
DA:129,17
DA:130,17
DA:132,21
DA:134,17
DA:137,41
LF:47
LH:46
BRDA:46,0,0,1
BRDA:46,0,1,63
BRDA:54,1,0,5
BRDA:54,1,1,59
BRDA:63,2,0,0
BRDA:63,2,1,431
BRDA:66,3,0,17
BRDA:66,3,1,414
BRDA:67,4,0,17
BRDA:67,4,1,15
BRDA:67,5,0,0
BRDA:67,5,1,15
BRDA:79,6,0,2
BRDA:79,6,1,102
BRDA:81,7,0,2
BRDA:81,7,1,97
BRDA:84,8,0,1
BRDA:84,8,1,0
BRDA:95,9,0,43
BRDA:95,9,1,56
BRDA:95,10,0,99
BRDA:95,10,1,50
BRDA:96,11,0,19
BRDA:96,11,1,24
BRDA:101,12,0,153
BRDA:101,12,1,19
BRDA:105,13,0,2
BRDA:105,13,1,22
BRDA:113,14,0,206
BRDA:113,14,1,40
BRF:30
BRH:27
end_of_record
TN:
SF:/Users/st20712/Workspace/shelljs/src/mkdir.js
FN:12,mkdirSyncRecursive
FN:51,_mkdir
FN:59,(anonymous_2)
FNF:3
FNH:3
FNDA:102,mkdirSyncRecursive
FNDA:234,_mkdir
FNDA:239,(anonymous_2)
DA:1,41
DA:2,41
DA:3,41
DA:5,41
DA:13,102
DA:23,102
DA:24,45
DA:25,45
DA:29,57
DA:32,57
DA:52,234
DA:54,233
DA:55,233
DA:59,233
DA:60,239
DA:61,239
DA:62,6
DA:63,4
DA:64,2
DA:65,1
DA:67,6
DA:73,233
DA:74,233
DA:75,1
DA:76,1
DA:79,232
DA:80,232
DA:81,45
DA:83,187
DA:87,2
DA:88,1
DA:89,1
DA:90,1
DA:95,2
DA:98,233
DA:100,41
LF:36
LH:36
BRDA:23,0,0,45
BRDA:23,0,1,57
BRDA:52,1,0,1
BRDA:52,1,1,233
BRDA:54,2,0,233
BRDA:54,2,1,0
BRDA:62,3,0,4
BRDA:62,3,1,2
BRDA:64,4,0,1
BRDA:64,4,1,1
BRDA:74,5,0,1
BRDA:74,5,1,232
BRDA:74,6,0,233
BRDA:74,6,1,13
BRDA:80,7,0,45
BRDA:80,7,1,187
BRDA:87,8,0,1
BRDA:87,8,1,1
BRDA:89,9,0,1
BRDA:89,9,1,0
BRDA:89,10,0,1
BRDA:89,10,1,0
BRF:22
BRH:19
end_of_record
TN:
SF:/Users/st20712/Workspace/shelljs/src/mv.js
FN:15,checkRecentCreated
FN:17,(anonymous_1)
FN:40,_mv
FN:67,(anonymous_3)
FNF:4
FNH:4
FNDA:8,checkRecentCreated
FNDA:2,(anonymous_1)
FNDA:28,_mv
FNDA:75,(anonymous_3)
DA:1,41
DA:2,41
DA:3,41
DA:4,41
DA:5,41
DA:7,41
DA:16,8
DA:17,8
DA:18,2
DA:42,28
DA:43,3
DA:44,25
DA:45,13
DA:46,13
DA:47,12
DA:48,12
DA:51,0
DA:54,25
DA:55,25
DA:58,25
DA:59,3
DA:63,22
DA:64,2
DA:67,20
DA:68,75
DA:69,5
DA:70,5
DA:77,70
DA:78,70
DA:79,62
DA:82,70
DA:84,70
DA:86,2
DA:87,1
DA:89,2
DA:92,68
DA:93,1
DA:94,1
DA:97,67
DA:98,1
DA:99,1
DA:102,66
DA:103,66
DA:116,20
DA:118,41
LF:45
LH:44
BRDA:42,0,0,3
BRDA:42,0,1,25
BRDA:44,1,0,13
BRDA:44,1,1,12
BRDA:47,2,0,12
BRDA:47,2,1,0
BRDA:55,3,0,25
BRDA:55,3,1,20
BRDA:58,4,0,3
BRDA:58,4,1,22
BRDA:58,5,0,25
BRDA:58,5,1,20
BRDA:58,5,2,13
BRDA:63,6,0,2
BRDA:63,6,1,20
BRDA:63,7,0,22
BRDA:63,7,1,18
BRDA:63,7,2,6
BRDA:68,8,0,5
BRDA:68,8,1,70
BRDA:78,9,0,62
BRDA:78,9,1,8
BRDA:78,10,0,70
BRDA:78,10,1,66
BRDA:84,11,0,2
BRDA:84,11,1,68
BRDA:84,12,0,70
BRDA:84,12,1,8
BRDA:86,13,0,1
BRDA:86,13,1,1
BRDA:92,14,0,1
BRDA:92,14,1,67
BRDA:92,15,0,68
BRDA:92,15,1,6
BRDA:97,16,0,1
BRDA:97,16,1,66
BRF:36
BRH:35
end_of_record
TN:
SF:/Users/st20712/Workspace/shelljs/src/pwd.js
FN:12,_pwd
FNF:1
FNH:1
FNDA:39,_pwd
DA:1,41
DA:2,41
DA:4,41
DA:13,39
DA:14,39
DA:16,41
LF:6
LH:6
BRF:0
BRH:0
end_of_record
TN:
SF:/Users/st20712/Workspace/shelljs/src/rm.js
FN:20,rmdirSyncRecursive
FN:86,isWriteable
FN:98,handleFile
FN:107,handleDirectory
FN:116,handleSymbolicLink
FN:145,handleFIFO
FN:167,_rm
FN:173,(anonymous_7)
FNF:8
FNH:8
FNDA:5347,rmdirSyncRecursive
FNDA:16,isWriteable
FNDA:37,handleFile
FNDA:350,handleDirectory
FNDA:10,handleSymbolicLink
FNDA:1,handleFIFO
FNDA:329,_rm
FNDA:422,(anonymous_7)
DA:1,41
DA:2,41
DA:4,41
DA:23,5347
DA:26,5347
DA:27,14080
DA:28,14080
DA:30,14080
DA:31,4997
DA:33,9083
DA:34,9082
DA:35,9082
DA:48,5347
DA:54,5346
DA:56,5346
DA:59,5346
DA:60,5346
DA:61,5346
DA:62,5345
DA:63,5345
DA:78,1
DA:81,5346
DA:87,16
DA:88,16
DA:89,16
DA:90,14
DA:92,2
DA:95,16
DA:99,37
DA:101,36
DA:103,1
DA:108,350
DA:110,349
DA:112,1
DA:118,10
DA:119,10
DA:122,7
DA:123,7
DA:126,3
DA:127,0
DA:128,3
DA:129,3
DA:131,1
DA:133,1
DA:134,1
DA:136,0
DA:140,2
DA:146,1
DA:168,329
DA:171,327
DA:173,327
DA:175,422
DA:176,422
DA:179,422
DA:182,24
DA:183,5
DA:185,24
DA:189,398
DA:190,37
DA:191,361
DA:192,350
DA:193,11
DA:194,10
DA:195,1
DA:196,1
DA:199,327
DA:201,41
LF:67
LH:65
BRDA:30,0,0,4997
BRDA:30,0,1,9083
BRDA:33,1,0,9082
BRDA:33,1,1,1
BRDA:33,2,0,9083
BRDA:33,2,1,2
BRDA:48,3,0,1
BRDA:48,3,1,5346
BRDA:62,4,0,0
BRDA:62,4,1,5345
BRDA:99,5,0,36
BRDA:99,5,1,1
BRDA:99,6,0,37
BRDA:99,6,1,14
BRDA:108,7,0,349
BRDA:108,7,1,1
BRDA:126,8,0,0
BRDA:126,8,1,3
BRDA:128,9,0,3
BRDA:128,9,1,0
BRDA:129,10,0,1
BRDA:129,10,1,2
BRDA:131,11,0,1
BRDA:131,11,1,0
BRDA:168,12,0,2
BRDA:168,12,1,327
BRDA:176,13,0,4
BRDA:176,13,1,418
BRDA:182,14,0,5
BRDA:182,14,1,19
BRDA:189,15,0,37
BRDA:189,15,1,361
BRDA:191,16,0,350
BRDA:191,16,1,11
BRDA:193,17,0,10
BRDA:193,17,1,1
BRDA:195,18,0,1
BRDA:195,18,1,0
BRF:38
BRH:33
end_of_record
TN:
SF:/Users/st20712/Workspace/shelljs/src/sed.js
FN:38,_sed
FN:66,(anonymous_1)
FN:74,(anonymous_2)
FNF:3
FNH:3
FNDA:19,_sed
FNDA:21,(anonymous_1)
FNDA:46,(anonymous_2)
DA:1,41
DA:2,41
DA:4,41
DA:40,19
DA:42,19
DA:43,3
DA:44,1
DA:46,2
DA:51,17
DA:52,6
DA:55,17
DA:56,1
DA:59,16
DA:61,16
DA:62,1
DA:65,16
DA:66,16
DA:67,21
DA:68,2
DA:69,2
DA:72,19
DA:73,19
DA:74,19
DA:75,46
DA:78,19
DA:80,19
DA:81,5
DA:85,16
DA:87,41
LF:29
LH:29
BRDA:42,0,0,3
BRDA:42,0,1,16
BRDA:42,1,0,19
BRDA:42,1,1,4
BRDA:43,2,0,1
BRDA:43,2,1,2
BRDA:51,3,0,6
BRDA:51,3,1,11
BRDA:55,4,0,1
BRDA:55,4,1,16
BRDA:55,5,0,17
BRDA:55,5,1,2
BRDA:61,6,0,1
BRDA:61,6,1,15
BRDA:67,7,0,2
BRDA:67,7,1,19
BRDA:67,8,0,21
BRDA:67,8,1,3
BRDA:72,9,0,1
BRDA:72,9,1,18
BRDA:80,10,0,5
BRDA:80,10,1,14
BRF:22
BRH:22
end_of_record
TN:
SF:/Users/st20712/Workspace/shelljs/src/set.js
FN:25,_set
FN:42,(anonymous_1)
FN:47,(anonymous_2)
FNF:3
FNH:3
FNDA:2,_set
FNDA:3,(anonymous_1)
FNDA:6,(anonymous_2)
DA:1,41
DA:3,41
DA:26,2
DA:27,1
DA:28,1
DA:29,1
DA:31,2
DA:32,2
DA:33,1
DA:35,2
DA:41,2
DA:42,1
DA:43,3
DA:47,2
DA:50,6
DA:51,2
DA:54,2
DA:56,41
LF:18
LH:18
BRDA:26,0,0,1
BRDA:26,0,1,1
BRDA:28,1,0,0
BRDA:28,1,1,1
BRDA:32,2,0,1
BRDA:32,2,1,1
BRDA:41,3,0,1
BRDA:41,3,1,1
BRDA:50,4,0,2
BRDA:50,4,1,4
BRF:10
BRH:9
end_of_record
TN:
SF:/Users/st20712/Workspace/shelljs/src/sort.js
FN:13,parseNumber
FN:20,unixCmp
FN:29,numericalCmp
FN:59,_sort
FN:71,(anonymous_4)
FNF:5
FNH:5
FNDA:160,parseNumber
FNDA:442,unixCmp
FNDA:80,numericalCmp
FNDA:13,_sort
FNDA:15,(anonymous_4)
DA:1,41
DA:2,41
DA:4,41
DA:14,160
DA:15,160
DA:21,442
DA:22,442
DA:23,442
DA:30,80
DA:31,80
DA:32,80
DA:33,80
DA:37,0
DA:61,13
DA:63,13
DA:65,12
DA:67,12
DA:68,1
DA:71,12
DA:72,15
DA:73,14
DA:74,1
DA:75,1
DA:76,13
DA:77,1
DA:80,1
DA:84,13
DA:85,13
DA:88,12
DA:90,12
DA:91,2
DA:94,12
DA:97,41
LF:33
LH:32
BRDA:23,0,0,83
BRDA:23,0,1,359
BRDA:32,1,0,80
BRDA:32,1,1,0
BRDA:32,2,0,80
BRDA:32,2,1,80
BRDA:33,3,0,48
BRDA:33,3,1,32
BRDA:63,4,0,1
BRDA:63,4,1,12
BRDA:63,5,0,13
BRDA:63,5,1,2
BRDA:67,6,0,1
BRDA:67,6,1,11
BRDA:72,7,0,14
BRDA:72,7,1,1
BRDA:73,8,0,1
BRDA:73,8,1,13
BRDA:76,9,0,1
BRDA:76,9,1,12
BRDA:84,10,0,1
BRDA:84,10,1,12
BRDA:88,11,0,3
BRDA:88,11,1,9
BRDA:90,12,0,2
BRDA:90,12,1,10
BRF:26
BRH:25
end_of_record
TN:
SF:/Users/st20712/Workspace/shelljs/src/tail.js
FN:28,_tail
FN:49,(anonymous_1)
FNF:2
FNH:2
FNDA:12,_tail
FNDA:19,(anonymous_1)
DA:1,41
DA:2,41
DA:4,41
DA:29,12
DA:30,12
DA:32,12
DA:34,11
DA:35,11
DA:36,2
DA:37,2
DA:38,9
DA:39,8
DA:41,11
DA:42,11
DA:44,11
DA:45,0
DA:48,11
DA:49,11
DA:50,19
DA:51,19
DA:52,1
DA:53,1
DA:54,18
DA:55,1
DA:58,1
DA:62,17
DA:64,17
DA:65,17
DA:66,15
DA:67,15
DA:69,2
DA:72,17
DA:75,11
DA:76,8
DA:78,11
DA:80,41
LF:36
LH:35
BRDA:32,0,0,1
BRDA:32,0,1,11
BRDA:32,1,0,12
BRDA:32,1,1,1
BRDA:35,2,0,2
BRDA:35,2,1,9
BRDA:38,3,0,8
BRDA:38,3,1,1
BRDA:44,4,0,0
BRDA:44,4,1,11
BRDA:50,5,0,19
BRDA:50,5,1,0
BRDA:51,6,0,1
BRDA:51,6,1,18
BRDA:54,7,0,1
BRDA:54,7,1,17
BRDA:62,8,0,0
BRDA:62,8,1,17
BRDA:65,9,0,15
BRDA:65,9,1,2
BRDA:75,10,0,8
BRDA:75,10,1,3
BRF:22
BRH:19
end_of_record
TN:
SF:/Users/st20712/Workspace/shelljs/src/tempdir.js
FN:11,writeableDir
FN:39,_tempDir
FNF:2
FNH:2
FNDA:5,writeableDir
FNDA:30,_tempDir
DA:1,41
DA:2,41
DA:3,41
DA:5,41
DA:12,5
DA:14,5
DA:16,5
DA:17,5
DA:18,5
DA:19,5
DA:20,5
DA:40,30
DA:41,30
DA:43,5
DA:57,5
DA:59,41
LF:16
LH:16
BRDA:12,0,0,0
BRDA:12,0,1,5
BRDA:12,1,0,5
BRDA:12,1,1,5
BRDA:14,2,0,0
BRDA:14,2,1,5
BRDA:41,3,0,25
BRDA:41,3,1,5
BRDA:43,4,0,5
BRDA:43,4,1,0
BRDA:43,4,2,0
BRDA:43,4,3,0
BRDA:43,4,4,0
BRDA:43,4,5,0
BRDA:43,4,6,0
BRDA:43,4,7,0
BRDA:43,4,8,0
BRDA:43,4,9,0
BRDA:43,4,10,0
BRDA:43,4,11,0
BRDA:43,4,12,0
BRF:21
BRH:7
end_of_record
TN:
SF:/Users/st20712/Workspace/shelljs/src/test.js
FN:42,_test
FN:46,(anonymous_1)
FNF:2
FNH:2
FNDA:43,_test
FNDA:328,(anonymous_1)
DA:1,41
DA:2,41
DA:4,41
DA:43,43
DA:45,41
DA:46,41
DA:47,328
DA:48,39
DA:52,41
DA:54,39
DA:55,16
DA:56,16
DA:58,2
DA:62,23
DA:64,18
DA:66,17
DA:68,17
DA:70,17
DA:72,17
DA:74,9
DA:85,41
LF:21
LH:21
BRDA:43,0,0,2
BRDA:43,0,1,41
BRDA:47,1,0,39
BRDA:47,1,1,289
BRDA:52,2,0,2
BRDA:52,2,1,39
BRDA:54,3,0,16
BRDA:54,3,1,23
BRDA:62,4,0,5
BRDA:62,4,1,18
BRDA:64,5,0,1
BRDA:64,5,1,17
BRDA:68,6,0,0
BRDA:68,6,1,17
BRDA:70,7,0,0
BRDA:70,7,1,17
BRDA:72,8,0,8
BRDA:72,8,1,9
BRDA:74,9,0,9
BRDA:74,9,1,0
BRF:20
BRH:17
end_of_record
TN:
SF:/Users/st20712/Workspace/shelljs/src/to.js
FN:22,_to
FNF:1
FNH:1
FNDA:31,_to
DA:1,41
DA:2,41
DA:3,41
DA:5,41
DA:23,31
DA:25,30
DA:26,1
DA:29,29
DA:30,29
DA:31,29
DA:37,41
LF:11
LH:11
BRDA:23,0,0,1
BRDA:23,0,1,30
BRDA:25,1,0,1
BRDA:25,1,1,29
BRDA:30,2,0,29
BRDA:30,2,1,1
BRF:6
BRH:6
end_of_record
TN:
SF:/Users/st20712/Workspace/shelljs/src/toEnd.js
FN:21,_toEnd
FNF:1
FNH:1
FNDA:12,_toEnd
DA:1,41
DA:2,41
DA:3,41
DA:5,41
DA:22,12
DA:24,11
DA:25,1
DA:28,10
DA:29,10
DA:30,10
DA:36,41
LF:11
LH:11
BRDA:22,0,0,1
BRDA:22,0,1,11
BRDA:24,1,0,1
BRDA:24,1,1,10
BRDA:29,2,0,10
BRDA:29,2,1,1
BRF:6
BRH:6
end_of_record
TN:
SF:/Users/st20712/Workspace/shelljs/src/touch.js
FN:37,_touch
FN:46,(anonymous_1)
FN:52,touchFile
FN:105,tryStatFile
FNF:4
FNH:4
FNDA:32,_touch
FNDA:33,(anonymous_1)
FNDA:33,touchFile
FNDA:35,tryStatFile
DA:1,41
DA:2,41
DA:4,41
DA:38,32
DA:39,1
DA:40,31
DA:41,30
DA:43,1
DA:46,30
DA:47,33
DA:49,29
DA:53,33
DA:55,33
DA:57,1
DA:62,32
DA:63,1
DA:68,31
DA:75,31
DA:76,31
DA:77,31
DA:80,31
DA:81,2
DA:82,2
DA:83,1
DA:85,1
DA:86,1
DA:87,29
DA:88,8
DA:89,8
DA:92,30
DA:94,30
DA:95,1
DA:96,29
DA:97,1
DA:100,30
DA:103,41
DA:106,35
DA:107,35
DA:109,16
LF:39
LH:39
BRDA:38,0,0,1
BRDA:38,0,1,31
BRDA:40,1,0,30
BRDA:40,1,1,1
BRDA:55,2,0,1
BRDA:55,2,1,32
BRDA:55,3,0,33
BRDA:55,3,1,18
BRDA:62,4,0,1
BRDA:62,4,1,31
BRDA:62,5,0,32
BRDA:62,5,1,15
BRDA:76,6,0,31
BRDA:76,6,1,23
BRDA:77,7,0,31
BRDA:77,7,1,23
BRDA:80,8,0,2
BRDA:80,8,1,29
BRDA:82,9,0,1
BRDA:82,9,1,1
BRDA:87,10,0,8
BRDA:87,10,1,21
BRDA:92,11,0,0
BRDA:92,11,1,30
BRDA:92,12,0,30
BRDA:92,12,1,1
BRDA:94,13,0,1
BRDA:94,13,1,29
BRDA:96,14,0,1
BRDA:96,14,1,28
BRF:30
BRH:29
end_of_record
TN:
SF:/Users/st20712/Workspace/shelljs/src/uniq.js
FN:5,lpad
FN:40,_uniq
FN:61,(anonymous_2)
FN:66,(anonymous_3)
FN:75,(anonymous_4)
FN:78,(anonymous_5)
FNF:6
FNH:6
FNDA:6,lpad
FNDA:13,_uniq
FNDA:70,(anonymous_2)
FNDA:78,(anonymous_3)
FNDA:24,(anonymous_4)
FNDA:22,(anonymous_5)
DA:1,41
DA:2,41
DA:6,6
DA:7,6
DA:8,6
DA:10,6
DA:13,41
DA:42,13
DA:44,13
DA:45,11
DA:47,10
DA:48,2
DA:49,8
DA:50,1
DA:53,9
DA:54,1
DA:57,8
DA:61,8
DA:62,70
DA:66,8
DA:68,78
DA:69,8
DA:70,70
DA:71,54
DA:73,16
DA:77,24
DA:80,22
DA:83,8
DA:84,1
DA:86,1
DA:88,7
DA:92,41
LF:32
LH:32
BRDA:7,0,0,6
BRDA:7,0,1,0
BRDA:44,1,0,11
BRDA:44,1,1,2
BRDA:45,2,0,1
BRDA:45,2,1,10
BRDA:47,3,0,2
BRDA:47,3,1,8
BRDA:49,4,0,1
BRDA:49,4,1,7
BRDA:53,5,0,1
BRDA:53,5,1,8
BRDA:53,6,0,9
BRDA:53,6,1,2
BRDA:53,6,2,2
BRDA:57,7,0,6
BRDA:57,7,1,2
BRDA:62,8,0,6
BRDA:62,8,1,64
BRDA:68,9,0,8
BRDA:68,9,1,70
BRDA:70,10,0,54
BRDA:70,10,1,16
BRDA:77,11,0,3
BRDA:77,11,1,21
BRDA:80,12,0,6
BRDA:80,12,1,16
BRDA:83,13,0,1
BRDA:83,13,1,7
BRF:29
BRH:28
end_of_record
TN:
SF:/Users/st20712/Workspace/shelljs/src/which.js
FN:17,splitPath
FN:21,checkPath
FN:37,_which
FNF:3
FNH:3
FNDA:7,splitPath
FNDA:59,checkPath
FNDA:8,_which
DA:1,41
DA:2,41
DA:3,41
DA:5,41
DA:14,41
DA:18,7
DA:22,59
DA:38,8
DA:40,7
DA:41,7
DA:42,7
DA:44,7
DA:47,7
DA:50,7
DA:51,7
DA:54,0
DA:55,0
DA:59,7
DA:61,62
DA:63,59
DA:65,59
DA:66,0
DA:69,59
DA:70,59
DA:73,0
DA:74,0
DA:75,0
DA:80,59
DA:81,59
DA:82,59
DA:83,59
DA:84,7
DA:85,7
DA:90,0
DA:91,0
DA:94,7
DA:95,5
DA:97,2
DA:99,41
LF:39
LH:31
BRDA:18,0,0,7
BRDA:18,0,1,0
BRDA:22,1,0,59
BRDA:22,1,1,7
BRDA:38,2,0,1
BRDA:38,2,1,7
BRDA:41,3,0,7
BRDA:41,3,1,7
BRDA:41,3,2,7
BRDA:47,4,0,7
BRDA:47,4,1,0
BRDA:51,5,0,0
BRDA:51,5,1,7
BRDA:54,6,0,0
BRDA:54,6,1,0
BRDA:61,7,0,3
BRDA:61,7,1,59
BRDA:61,8,0,62
BRDA:61,8,1,19
BRDA:65,9,0,0
BRDA:65,9,1,59
BRDA:70,10,0,0
BRDA:70,10,1,59
BRDA:70,11,0,59
BRDA:70,11,1,0
BRDA:73,12,0,0
BRDA:73,12,1,0
BRDA:83,13,0,7
BRDA:83,13,1,52
BRDA:90,14,0,0
BRDA:90,14,1,0
BRDA:94,15,0,5
BRDA:94,15,1,2
BRDA:95,16,0,2
BRDA:95,16,1,3
BRDA:97,17,0,1
BRDA:97,17,1,1
BRF:37
BRH:25
end_of_record
